<?xml version="1.0" encoding="UTF-8"?>
<testng-results skipped="0" failed="0" ignored="0" total="1" passed="1">
  <reporter-output>
  </reporter-output>
  <suite name="Suite" duration-ms="45" started-at="2020-01-08T07:16:43Z" finished-at="2020-01-08T07:16:43Z">
    <groups>
    </groups>
    <test name="Test" duration-ms="45" started-at="2020-01-08T07:16:43Z" finished-at="2020-01-08T07:16:43Z">
      <class name="com.orangehrm.TestCases.loginTestPages">
        <test-method status="PASS" signature="setUp()[pri:0, instance:com.orangehrm.TestCases.loginTestPages@71a794e5]" name="setUp" is-config="true" duration-ms="16137" started-at="2020-01-08T07:16:27Z" finished-at="2020-01-08T07:16:43Z">
          <reporter-output>
          </reporter-output>
        </test-method> <!-- setUp -->
        <test-method status="PASS" signature="verifyTitleTest()[pri:0, instance:com.orangehrm.TestCases.loginTestPages@71a794e5]" name="verifyTitleTest" duration-ms="15" started-at="2020-01-08T07:16:43Z" finished-at="2020-01-08T07:16:43Z">
          <reporter-output>
          </reporter-output>
        </test-method> <!-- verifyTitleTest -->
        <test-method status="PASS" signature="tearDown()[pri:0, instance:com.orangehrm.TestCases.loginTestPages@71a794e5]" name="tearDown" is-config="true" duration-ms="1553" started-at="2020-01-08T07:16:43Z" finished-at="2020-01-08T07:16:45Z">
          <reporter-output>
          </reporter-output>
        </test-method> <!-- tearDown -->
      </class> <!-- com.orangehrm.TestCases.loginTestPages -->
    </test> <!-- Test -->
  </suite> <!-- Suite -->
</testng-results>
