<?xml version="1.0" encoding="UTF-8"?>
<testng-results ignored="0" total="1" passed="1" failed="0" skipped="0">
  <reporter-output>
  </reporter-output>
  <suite started-at="2020-01-08T06:41:03Z" name="Suite" finished-at="2020-01-08T06:41:03Z" duration-ms="26">
    <groups>
    </groups>
    <test started-at="2020-01-08T06:41:03Z" name="Test" finished-at="2020-01-08T06:41:03Z" duration-ms="26">
      <class name="com.orangehrm.TestCases.loginTestPages">
        <test-method is-config="true" signature="setUp()[pri:0, instance:com.orangehrm.TestCases.loginTestPages@63a12c68]" started-at="2020-01-08T06:40:56Z" name="setUp" finished-at="2020-01-08T06:41:03Z" duration-ms="6869" status="PASS">
          <reporter-output>
          </reporter-output>
        </test-method> <!-- setUp -->
        <test-method signature="verifyTitleTest()[pri:0, instance:com.orangehrm.TestCases.loginTestPages@63a12c68]" started-at="2020-01-08T06:41:03Z" name="verifyTitleTest" finished-at="2020-01-08T06:41:03Z" duration-ms="10" status="PASS">
          <reporter-output>
          </reporter-output>
        </test-method> <!-- verifyTitleTest -->
        <test-method is-config="true" signature="tearDown()[pri:0, instance:com.orangehrm.TestCases.loginTestPages@63a12c68]" started-at="2020-01-08T06:41:03Z" name="tearDown" finished-at="2020-01-08T06:41:03Z" duration-ms="632" status="PASS">
          <reporter-output>
          </reporter-output>
        </test-method> <!-- tearDown -->
      </class> <!-- com.orangehrm.TestCases.loginTestPages -->
    </test> <!-- Test -->
  </suite> <!-- Suite -->
</testng-results>
