<?xml version="1.0" encoding="UTF-8"?>
<testng-results skipped="0" failed="0" ignored="0" total="1" passed="1">
  <reporter-output>
  </reporter-output>
  <suite name="Suite" duration-ms="70" started-at="2020-01-08T07:11:56Z" finished-at="2020-01-08T07:11:56Z">
    <groups>
    </groups>
    <test name="Test" duration-ms="70" started-at="2020-01-08T07:11:56Z" finished-at="2020-01-08T07:11:56Z">
      <class name="com.orangehrm.TestCases.loginTestPages">
        <test-method status="PASS" signature="setUp()[pri:0, instance:com.orangehrm.TestCases.loginTestPages@4de5031f]" name="setUp" is-config="true" duration-ms="19681" started-at="2020-01-08T07:11:37Z" finished-at="2020-01-08T07:11:56Z">
          <reporter-output>
          </reporter-output>
        </test-method> <!-- setUp -->
        <test-method status="PASS" signature="verifyTitleTest()[pri:0, instance:com.orangehrm.TestCases.loginTestPages@4de5031f]" name="verifyTitleTest" duration-ms="25" started-at="2020-01-08T07:11:56Z" finished-at="2020-01-08T07:11:56Z">
          <reporter-output>
          </reporter-output>
        </test-method> <!-- verifyTitleTest -->
        <test-method status="PASS" signature="tearDown()[pri:0, instance:com.orangehrm.TestCases.loginTestPages@4de5031f]" name="tearDown" is-config="true" duration-ms="859" started-at="2020-01-08T07:11:57Z" finished-at="2020-01-08T07:11:57Z">
          <reporter-output>
          </reporter-output>
        </test-method> <!-- tearDown -->
      </class> <!-- com.orangehrm.TestCases.loginTestPages -->
    </test> <!-- Test -->
  </suite> <!-- Suite -->
</testng-results>
