<?xml version="1.0" encoding="UTF-8"?>
<testng-results ignored="0" total="1" passed="1" failed="0" skipped="0">
  <reporter-output>
  </reporter-output>
  <suite started-at="2020-01-08T06:39:59Z" name="Suite" finished-at="2020-01-08T06:39:59Z" duration-ms="37">
    <groups>
    </groups>
    <test started-at="2020-01-08T06:39:59Z" name="Test" finished-at="2020-01-08T06:39:59Z" duration-ms="37">
      <class name="com.orangehrm.TestCases.loginTestPages">
        <test-method is-config="true" signature="setUp()[pri:0, instance:com.orangehrm.TestCases.loginTestPages@ffaa6af]" started-at="2020-01-08T06:39:52Z" name="setUp" finished-at="2020-01-08T06:39:59Z" duration-ms="7803" status="PASS">
          <reporter-output>
          </reporter-output>
        </test-method> <!-- setUp -->
        <test-method signature="verifyTitleTest()[pri:0, instance:com.orangehrm.TestCases.loginTestPages@ffaa6af]" started-at="2020-01-08T06:39:59Z" name="verifyTitleTest" finished-at="2020-01-08T06:39:59Z" duration-ms="18" status="PASS">
          <reporter-output>
          </reporter-output>
        </test-method> <!-- verifyTitleTest -->
        <test-method is-config="true" signature="tearDown()[pri:0, instance:com.orangehrm.TestCases.loginTestPages@ffaa6af]" started-at="2020-01-08T06:40:00Z" name="tearDown" finished-at="2020-01-08T06:40:01Z" duration-ms="1198" status="PASS">
          <reporter-output>
          </reporter-output>
        </test-method> <!-- tearDown -->
      </class> <!-- com.orangehrm.TestCases.loginTestPages -->
    </test> <!-- Test -->
  </suite> <!-- Suite -->
</testng-results>
